2019-09-28T05:06:08.002Z - normal: Load ~/.CocosCreator/settings.json
2019-09-28T05:06:09.181Z - normal: Initializing Asset Database
2019-09-28T05:06:09.181Z - normal: checking language setting...
2019-09-28T05:06:09.181Z - normal: Language: zh
2019-09-28T05:06:09.891Z - success: preview server running at http://localhost:7456
2019-09-28T05:06:09.891Z - success: protocol editor-framework registered
2019-09-28T05:06:09.891Z - success: protocol app registered
2019-09-28T05:06:09.891Z - success: protocol theme registered
2019-09-28T05:06:09.891Z - success: protocol packages registered
2019-09-28T05:06:09.891Z - success: protocol uuid registerred
2019-09-28T05:06:09.891Z - success: protocol db registerred
2019-09-28T05:06:09.891Z - success: protocol thumbnail registerred
2019-09-28T05:06:09.891Z - success: protocol unpack registerred
2019-09-28T05:06:09.891Z - success: protocol disable-commonjs registerred
2019-09-28T05:06:10.201Z - normal: connected!
2019-09-28T05:06:10.211Z - normal: Check project E:\Project\cocosProject\kingdomRush
2019-09-28T05:06:10.211Z - normal: Initializing project E:\Project\cocosProject\kingdomRush
2019-09-28T05:06:10.621Z - normal: Initializing Cocos2d
2019-09-28T05:06:11.551Z - normal: Initializing engine extends
2019-09-28T05:06:11.581Z - success: asset-db-debugger loaded
2019-09-28T05:06:11.581Z - success: baidu-adapter loaded
2019-09-28T05:06:11.581Z - success: code-editor loaded
2019-09-28T05:06:11.581Z - success: color-picker loaded
2019-09-28T05:06:11.671Z - success: fb-audience-network loaded
2019-09-28T05:06:11.721Z - success: fb-live-stream loaded
2019-09-28T05:06:11.731Z - success: google-play-instant loaded
2019-09-28T05:06:11.731Z - success: huawei-runtime loaded
2019-09-28T05:06:11.991Z - success: cpk-publish loaded
2019-09-28T05:06:11.991Z - success: jsb-adapter loaded
2019-09-28T05:06:12.001Z - success: oppo-runtime loaded
2019-09-28T05:06:12.001Z - success: package-manager loaded
2019-09-28T05:06:12.131Z - success: qqplay-adapter loaded
2019-09-28T05:06:12.131Z - success: runtime-dev-tools loaded
2019-09-28T05:06:12.141Z - success: sdkbox loaded
2019-09-28T05:06:12.141Z - success: tester loaded
2019-09-28T05:06:12.141Z - success: ui-grid loaded
2019-09-28T05:06:12.151Z - success: ui-kit-preview-extra loaded
2019-09-28T05:06:12.151Z - success: ui-kit-preview loaded
2019-09-28T05:06:12.151Z - success: ui-kit loaded
2019-09-28T05:06:12.151Z - success: ui-tree loaded
2019-09-28T05:06:12.161Z - success: vivo-runtime loaded
2019-09-28T05:06:12.161Z - success: weapp-adapter loaded
2019-09-28T05:06:12.161Z - success: xiaomi-adapter loaded
2019-09-28T05:06:12.211Z - success: assets loaded
2019-09-28T05:06:12.211Z - success: builder loaded
2019-09-28T05:06:12.491Z - success: cocos-services loaded
2019-09-28T05:06:12.491Z - success: console loaded
2019-09-28T05:06:12.531Z - success: fb-instant-games loaded
2019-09-28T05:06:12.531Z - success: game-window loaded
2019-09-28T05:06:12.541Z - success: google-instant-games loaded
2019-09-28T05:06:12.541Z - success: hierarchy loaded
2019-09-28T05:06:12.541Z - success: inspector loaded
2019-09-28T05:06:12.551Z - success: keystore loaded
2019-09-28T05:06:12.551Z - success: node-library loaded
2019-09-28T05:06:12.551Z - success: package-asset loaded
2019-09-28T05:06:12.551Z - success: preferences loaded
2019-09-28T05:06:12.561Z - success: project-exporter loaded
2019-09-28T05:06:12.561Z - success: project-importer loaded
2019-09-28T05:06:12.561Z - success: project-settings loaded
2019-09-28T05:06:12.571Z - success: scene loaded
2019-09-28T05:06:12.571Z - success: simulator-debugger loaded
2019-09-28T05:06:12.571Z - success: sprite-editor loaded
2019-09-28T05:06:12.581Z - success: store loaded
2019-09-28T05:06:12.581Z - success: timeline loaded
2019-09-28T05:06:12.591Z - success: xiaomi-runtime loaded
2019-09-28T05:06:12.591Z - success: debug loaded
2019-09-28T05:06:12.591Z - success: produce_map_grid loaded
2019-09-28T05:06:16.013Z - normal: Loading packages
2019-09-28T05:06:16.063Z - normal: Watching packages
2019-09-28T05:06:16.463Z - info: Cocos Services load base data!
2019-09-28T05:06:16.763Z - normal: Run Application
